<?xml version="1.0" encoding="UTF-8"?>
<!-- Generated by org.testng.reporters.JUnitXMLReporter -->
<testsuite hostname="TANERs-MBP.home" ignored="0" name="Default test" tests="16" failures="0" timestamp="30 Jun 2018 06:45:16 GMT" time="21.265" errors="0">
  <testcase name="verifyTitle" time="0.011" classname="com.mockaroo.Mockaroo2"/>
  <testcase name="realisticGen" time="0.069" classname="com.mockaroo.Mockaroo2"/>
  <testcase name="removeX" time="6.309" classname="com.mockaroo.Mockaroo2"/>
  <testcase name="fieldDisp" time="0.09" classname="com.mockaroo.Mockaroo2"/>
  <testcase name="enabled" time="0.029" classname="com.mockaroo.Mockaroo2"/>
  <testcase name="defaultNo" time="0.025" classname="com.mockaroo.Mockaroo2"/>
  <testcase name="formatCsv" time="0.037" classname="com.mockaroo.Mockaroo2"/>
  <testcase name="lineEnding" time="0.028" classname="com.mockaroo.Mockaroo2"/>
  <testcase name="checkBox" time="0.043" classname="com.mockaroo.Mockaroo2"/>
  <testcase name="clickonAdd" time="0.175" classname="com.mockaroo.Mockaroo2"/>
  <testcase name="chooseType" time="1.114" classname="com.mockaroo.Mockaroo2"/>
  <testcase name="searchCity" time="2.147" classname="com.mockaroo.Mockaroo2"/>
  <testcase name="searchCountry" time="3.51" classname="com.mockaroo.Mockaroo2"/>
  <testcase name="download" time="1.772" classname="com.mockaroo.Mockaroo2"/>
  <testcase name="readlines" time="2.004" classname="com.mockaroo.Mockaroo2"/>
  <testcase name="cityArrayList" time="0.019" classname="com.mockaroo.Mockaroo2"/>
</testsuite> <!-- Default test -->
