<?xml version="1.0" encoding="UTF-8"?>
<testng-results skipped="0" failed="0" ignored="0" total="16" passed="16">
  <reporter-output>
  </reporter-output>
  <suite name="Default suite" duration-ms="21265" started-at="2018-06-30T06:44:54Z" finished-at="2018-06-30T06:45:16Z">
    <groups>
    </groups>
    <test name="Default test" duration-ms="21265" started-at="2018-06-30T06:44:54Z" finished-at="2018-06-30T06:45:16Z">
      <class name="com.mockaroo.Mockaroo2">
        <test-method status="PASS" signature="setUp()[pri:0, instance:com.mockaroo.Mockaroo2@39c0f4a]" name="setUp" is-config="true" duration-ms="3850" started-at="2018-06-30T06:44:54Z" finished-at="2018-06-30T06:44:58Z">
          <reporter-output>
          </reporter-output>
        </test-method> <!-- setUp -->
        <test-method status="PASS" signature="verifyTitle()[pri:1, instance:com.mockaroo.Mockaroo2@39c0f4a]" name="verifyTitle" duration-ms="11" started-at="2018-06-30T06:44:58Z" finished-at="2018-06-30T06:44:58Z">
          <reporter-output>
          </reporter-output>
        </test-method> <!-- verifyTitle -->
        <test-method status="PASS" signature="realisticGen()[pri:2, instance:com.mockaroo.Mockaroo2@39c0f4a]" name="realisticGen" duration-ms="69" started-at="2018-06-30T06:44:58Z" finished-at="2018-06-30T06:44:58Z">
          <reporter-output>
          </reporter-output>
        </test-method> <!-- realisticGen -->
        <test-method status="PASS" signature="removeX()[pri:3, instance:com.mockaroo.Mockaroo2@39c0f4a]" name="removeX" duration-ms="6309" started-at="2018-06-30T06:44:58Z" finished-at="2018-06-30T06:45:05Z">
          <reporter-output>
          </reporter-output>
        </test-method> <!-- removeX -->
        <test-method status="PASS" signature="fieldDisp()[pri:4, instance:com.mockaroo.Mockaroo2@39c0f4a]" name="fieldDisp" duration-ms="90" started-at="2018-06-30T06:45:05Z" finished-at="2018-06-30T06:45:05Z">
          <reporter-output>
          </reporter-output>
        </test-method> <!-- fieldDisp -->
        <test-method status="PASS" signature="enabled()[pri:5, instance:com.mockaroo.Mockaroo2@39c0f4a]" name="enabled" duration-ms="29" started-at="2018-06-30T06:45:05Z" finished-at="2018-06-30T06:45:05Z">
          <reporter-output>
          </reporter-output>
        </test-method> <!-- enabled -->
        <test-method status="PASS" signature="defaultNo()[pri:6, instance:com.mockaroo.Mockaroo2@39c0f4a]" name="defaultNo" duration-ms="25" started-at="2018-06-30T06:45:05Z" finished-at="2018-06-30T06:45:05Z">
          <reporter-output>
          </reporter-output>
        </test-method> <!-- defaultNo -->
        <test-method status="PASS" signature="formatCsv()[pri:7, instance:com.mockaroo.Mockaroo2@39c0f4a]" name="formatCsv" duration-ms="37" started-at="2018-06-30T06:45:05Z" finished-at="2018-06-30T06:45:05Z">
          <reporter-output>
          </reporter-output>
        </test-method> <!-- formatCsv -->
        <test-method status="PASS" signature="lineEnding()[pri:8, instance:com.mockaroo.Mockaroo2@39c0f4a]" name="lineEnding" duration-ms="28" started-at="2018-06-30T06:45:05Z" finished-at="2018-06-30T06:45:05Z">
          <reporter-output>
          </reporter-output>
        </test-method> <!-- lineEnding -->
        <test-method status="PASS" signature="checkBox()[pri:9, instance:com.mockaroo.Mockaroo2@39c0f4a]" name="checkBox" duration-ms="43" started-at="2018-06-30T06:45:05Z" finished-at="2018-06-30T06:45:05Z">
          <reporter-output>
          </reporter-output>
        </test-method> <!-- checkBox -->
        <test-method status="PASS" signature="clickonAdd()[pri:10, instance:com.mockaroo.Mockaroo2@39c0f4a]" name="clickonAdd" duration-ms="175" started-at="2018-06-30T06:45:05Z" finished-at="2018-06-30T06:45:05Z">
          <reporter-output>
          </reporter-output>
        </test-method> <!-- clickonAdd -->
        <test-method status="PASS" signature="chooseType()[pri:11, instance:com.mockaroo.Mockaroo2@39c0f4a]" name="chooseType" duration-ms="1114" started-at="2018-06-30T06:45:05Z" finished-at="2018-06-30T06:45:06Z">
          <reporter-output>
          </reporter-output>
        </test-method> <!-- chooseType -->
        <test-method status="PASS" signature="searchCity()[pri:12, instance:com.mockaroo.Mockaroo2@39c0f4a]" name="searchCity" duration-ms="2147" started-at="2018-06-30T06:45:06Z" finished-at="2018-06-30T06:45:08Z">
          <reporter-output>
          </reporter-output>
        </test-method> <!-- searchCity -->
        <test-method status="PASS" signature="searchCountry()[pri:13, instance:com.mockaroo.Mockaroo2@39c0f4a]" name="searchCountry" duration-ms="3510" started-at="2018-06-30T06:45:08Z" finished-at="2018-06-30T06:45:12Z">
          <reporter-output>
          </reporter-output>
        </test-method> <!-- searchCountry -->
        <test-method status="PASS" signature="download()[pri:14, instance:com.mockaroo.Mockaroo2@39c0f4a]" name="download" duration-ms="1772" started-at="2018-06-30T06:45:12Z" finished-at="2018-06-30T06:45:14Z">
          <reporter-output>
          </reporter-output>
        </test-method> <!-- download -->
        <test-method status="PASS" signature="readlines()[pri:15, instance:com.mockaroo.Mockaroo2@39c0f4a]" name="readlines" duration-ms="2004" started-at="2018-06-30T06:45:14Z" finished-at="2018-06-30T06:45:16Z">
          <reporter-output>
          </reporter-output>
        </test-method> <!-- readlines -->
        <test-method status="PASS" signature="cityArrayList()[pri:16, instance:com.mockaroo.Mockaroo2@39c0f4a]" name="cityArrayList" duration-ms="19" started-at="2018-06-30T06:45:16Z" finished-at="2018-06-30T06:45:16Z">
          <reporter-output>
          </reporter-output>
        </test-method> <!-- cityArrayList -->
      </class> <!-- com.mockaroo.Mockaroo2 -->
    </test> <!-- Default test -->
  </suite> <!-- Default suite -->
</testng-results>
